<?xml version="1.0" encoding="UTF-8"?>
<!-- Generated by org.testng.reporters.JUnitReportReporter -->
<testsuite hostname="DESKTOP-0L5D1S3" failures="0" tests="1" name="actitime.script.ValidateCreateTask" time="102.394" errors="0" timestamp="2024-09-02T20:36:40 IST" skipped="0">
  <testcase classname="actitime.script.ValidateCreateTask" name="validateCreateTask" time="102.394"/>
  <system-out/>
</testsuite> <!-- actitime.script.ValidateCreateTask -->
