<?xml version="1.0" encoding="UTF-8"?>
<!-- Generated by org.testng.reporters.JUnitReportReporter -->
<testsuite hostname="DESKTOP-0L5D1S3" failures="0" tests="1" name="actitime.script.ValidateLoginPageTitle" time="6.380" errors="0" timestamp="2024-09-01T13:57:48 IST" skipped="0">
  <testcase classname="actitime.script.ValidateLoginPageTitle" name="validateLoginPageTitle" time="6.380"/>
  <system-out/>
</testsuite> <!-- actitime.script.ValidateLoginPageTitle -->
