<?xml version="1.0" encoding="UTF-8"?>
<!-- Generated by org.testng.reporters.JUnitReportReporter -->
<testsuite hostname="DESKTOP-0L5D1S3" failures="0" tests="1" name="actitime.script.ValidateValidLoginPage" time="6.915" errors="0" timestamp="2024-09-02T20:06:43 IST" skipped="0">
  <testcase classname="actitime.script.ValidateValidLoginPage" name="validateValidLoginPage" time="6.915"/>
  <system-out/>
</testsuite> <!-- actitime.script.ValidateValidLoginPage -->
