<?xml version="1.0" encoding="UTF-8"?>
<!-- Generated by org.testng.reporters.JUnitReportReporter -->
<testsuite hostname="DESKTOP-0L5D1S3" failures="0" tests="1" name="actitime.script.ValidateVersion" time="8.153" errors="0" timestamp="2024-09-02T20:06:43 IST" skipped="0">
  <testcase classname="actitime.script.ValidateVersion" name="validateVersionE" time="8.153"/>
  <system-out/>
</testsuite> <!-- actitime.script.ValidateVersion -->
