<?xml version="1.0" encoding="UTF-8"?>
<!-- Generated by org.testng.reporters.JUnitReportReporter -->
<testsuite hostname="DESKTOP-0L5D1S3" failures="0" tests="1" name="actitime.script.ValidateHomePageTitle" time="7.999" errors="0" timestamp="2024-09-01T13:57:48 IST" skipped="0">
  <testcase classname="actitime.script.ValidateHomePageTitle" name="validateHomePageTitle" time="7.999"/>
  <system-out/>
</testsuite> <!-- actitime.script.ValidateHomePageTitle -->
